f:\summer2021\simplerenderx64\simplerender_x64\simplerender_x64\x64\release\myrender.obj
f:\summer2021\simplerenderx64\simplerender_x64\simplerender_x64\x64\release\moc_simplerender_x64.obj
f:\summer2021\simplerenderx64\simplerender_x64\simplerender_x64\x64\release\moc_componentwidget.obj
f:\summer2021\simplerenderx64\simplerender_x64\simplerender_x64\x64\release\moc_glwidget.obj
f:\summer2021\simplerenderx64\simplerender_x64\simplerender_x64\x64\release\qrc_simplerender_x64.obj
f:\summer2021\simplerenderx64\simplerender_x64\simplerender_x64\x64\release\qrc_style.obj
f:\summer2021\simplerenderx64\simplerender_x64\simplerender_x64\x64\release\pointlight.obj
f:\summer2021\simplerenderx64\simplerender_x64\simplerender_x64\x64\release\model.obj
f:\summer2021\simplerenderx64\simplerender_x64\simplerender_x64\x64\release\componentwidget.obj
f:\summer2021\simplerenderx64\simplerender_x64\simplerender_x64\x64\release\stb_image.obj
f:\summer2021\simplerenderx64\simplerender_x64\simplerender_x64\x64\release\timectrl.obj
f:\summer2021\simplerenderx64\simplerender_x64\simplerender_x64\x64\release\objectbase.obj
f:\summer2021\simplerenderx64\simplerender_x64\simplerender_x64\x64\release\light.obj
f:\summer2021\simplerenderx64\simplerender_x64\simplerender_x64\x64\release\objecttransform.obj
f:\summer2021\simplerenderx64\simplerender_x64\simplerender_x64\x64\release\raytracing.obj
f:\summer2021\simplerenderx64\simplerender_x64\simplerender_x64\x64\release\mesh.obj
f:\summer2021\simplerenderx64\simplerender_x64\simplerender_x64\x64\release\polygonallight.obj
f:\summer2021\simplerenderx64\simplerender_x64\simplerender_x64\x64\release\cameracentermode.obj
f:\summer2021\simplerenderx64\simplerender_x64\simplerender_x64\x64\release\scenerenderstatic.obj
f:\summer2021\simplerenderx64\simplerender_x64\simplerender_x64\x64\release\cubemesh.obj
f:\summer2021\simplerenderx64\simplerender_x64\simplerender_x64\x64\release\glwidget.obj
f:\summer2021\simplerenderx64\simplerender_x64\simplerender_x64\x64\release\interface.obj
f:\summer2021\simplerenderx64\simplerender_x64\simplerender_x64\x64\release\scenebase.obj
f:\summer2021\simplerenderx64\simplerender_x64\simplerender_x64\x64\release\prt_zh.obj
f:\summer2021\simplerenderx64\simplerender_x64\simplerender_x64\x64\release\main.obj
f:\summer2021\simplerenderx64\simplerender_x64\simplerender_x64\x64\release\planerect.obj
f:\summer2021\simplerenderx64\simplerender_x64\simplerender_x64\x64\release\camera.obj
f:\summer2021\simplerenderx64\simplerender_x64\simplerender_x64\x64\release\modelvetexsplit.obj
f:\summer2021\simplerenderx64\simplerender_x64\simplerender_x64\x64\release\simplerender_x64.obj
f:\summer2021\simplerenderx64\simplerender_x64\simplerender_x64\x64\release\camerafreemode.obj
f:\summer2021\simplerenderx64\simplerender_x64\simplerender_x64\x64\release\skybox.obj
f:\summer2021\simplerenderx64\simplerender_x64\simplerender_x64\x64\release\objectfactorybase.obj
f:\summer2021\simplerenderx64\simplerender_x64\x64\release\simplerender_x64.exe
f:\summer2021\simplerenderx64\simplerender_x64\simplerender_x64\x64\release\moc\moc_simplerender_x64.cpp
f:\summer2021\simplerenderx64\simplerender_x64\simplerender_x64\x64\release\moc\moc_componentwidget.cpp
f:\summer2021\simplerenderx64\simplerender_x64\simplerender_x64\x64\release\moc\moc_glwidget.cpp
f:\summer2021\simplerenderx64\simplerender_x64\simplerender_x64\x64\release\rcc\qrc_style.cpp
f:\summer2021\simplerenderx64\simplerender_x64\simplerender_x64\x64\release\rcc\qrc_simplerender_x64.cpp
f:\summer2021\simplerenderx64\simplerender_x64\simplerender_x64\x64\release\uic\ui_componentwidget.h
f:\summer2021\simplerenderx64\simplerender_x64\simplerender_x64\x64\release\uic\ui_simplerender_x64.h
f:\summer2021\simplerenderx64\simplerender_x64\simplerender_x64\x64\release\simplerender_x64.tlog\cl.command.1.tlog
f:\summer2021\simplerenderx64\simplerender_x64\simplerender_x64\x64\release\simplerender_x64.tlog\cl.read.1.tlog
f:\summer2021\simplerenderx64\simplerender_x64\simplerender_x64\x64\release\simplerender_x64.tlog\cl.write.1.tlog
f:\summer2021\simplerenderx64\simplerender_x64\simplerender_x64\x64\release\simplerender_x64.tlog\link.command.1.tlog
f:\summer2021\simplerenderx64\simplerender_x64\simplerender_x64\x64\release\simplerender_x64.tlog\link.read.1.tlog
f:\summer2021\simplerenderx64\simplerender_x64\simplerender_x64\x64\release\simplerender_x64.tlog\link.write.1.tlog
f:\summer2021\simplerenderx64\simplerender_x64\simplerender_x64\x64\release\simplerender_x64.tlog\moc.read.1u.tlog
f:\summer2021\simplerenderx64\simplerender_x64\simplerender_x64\x64\release\simplerender_x64.tlog\moc.write.1u.tlog
f:\summer2021\simplerenderx64\simplerender_x64\simplerender_x64\x64\release\simplerender_x64.tlog\rcc.read.1u.tlog
f:\summer2021\simplerenderx64\simplerender_x64\simplerender_x64\x64\release\simplerender_x64.tlog\rcc.write.1u.tlog
f:\summer2021\simplerenderx64\simplerender_x64\simplerender_x64\x64\release\simplerender_x64.tlog\simplerender_x64.write.1u.tlog
f:\summer2021\simplerenderx64\simplerender_x64\simplerender_x64\x64\release\simplerender_x64.tlog\uic.read.1u.tlog
f:\summer2021\simplerenderx64\simplerender_x64\simplerender_x64\x64\release\simplerender_x64.tlog\uic.write.1u.tlog
