f:\summer2021\simplerenderx64\simplerender_x64\simplerender_x64\x64\debug\moc_simplerender_x64.obj
f:\summer2021\simplerenderx64\simplerender_x64\simplerender_x64\x64\debug\qrc_simplerender_x64.obj
f:\summer2021\simplerenderx64\simplerender_x64\simplerender_x64\x64\debug\light.obj
f:\summer2021\simplerenderx64\simplerender_x64\simplerender_x64\x64\debug\glwidget.obj
f:\summer2021\simplerenderx64\simplerender_x64\simplerender_x64\x64\debug\time.obj
f:\summer2021\simplerenderx64\simplerender_x64\simplerender_x64\x64\debug\myrender.obj
f:\summer2021\simplerenderx64\simplerender_x64\simplerender_x64\x64\debug\mesh.obj
f:\summer2021\simplerenderx64\simplerender_x64\simplerender_x64\x64\debug\model.obj
f:\summer2021\simplerenderx64\simplerender_x64\simplerender_x64\x64\debug\simplerender_x64.obj
f:\summer2021\simplerenderx64\simplerender_x64\simplerender_x64\x64\debug\camera.obj
f:\summer2021\simplerenderx64\simplerender_x64\simplerender_x64\x64\debug\stb_image.obj
f:\summer2021\simplerenderx64\simplerender_x64\simplerender_x64\x64\debug\main.obj
f:\summer2021\simplerenderx64\simplerender_x64\simplerender_x64\x64\debug\moc_glwidget.obj
f:\summer2021\simplerenderx64\simplerender_x64\simplerender_x64\x64\debug\qrc_style.obj
f:\summer2021\simplerenderx64\simplerender_x64\simplerender_x64\x64\debug\prt_zh.obj
f:\summer2021\simplerenderx64\simplerender_x64\simplerender_x64\x64\debug\objecttransform.obj
f:\summer2021\simplerenderx64\simplerender_x64\simplerender_x64\x64\debug\timectrl.obj
f:\summer2021\simplerenderx64\simplerender_x64\simplerender_x64\x64\debug\objectbase.obj
f:\summer2021\simplerenderx64\simplerender_x64\simplerender_x64\x64\debug\polygonallight.obj
f:\summer2021\simplerenderx64\simplerender_x64\simplerender_x64\x64\debug\interface.obj
f:\summer2021\simplerenderx64\simplerender_x64\simplerender_x64\x64\debug\componentwidget.obj
f:\summer2021\simplerenderx64\simplerender_x64\simplerender_x64\x64\debug\vc141.pdb
f:\summer2021\simplerenderx64\simplerender_x64\simplerender_x64\x64\debug\moc_componentwidget.obj
f:\summer2021\simplerenderx64\simplerender_x64\x64\debug\simplerender_x64.exe
f:\summer2021\simplerenderx64\simplerender_x64\x64\debug\simplerender_x64.ilk
f:\summer2021\simplerenderx64\simplerender_x64\x64\debug\simplerender_x64.pdb
f:\summer2021\simplerenderx64\simplerender_x64\simplerender_x64\x64\debug\moc\moc_simplerender_x64.cpp
f:\summer2021\simplerenderx64\simplerender_x64\simplerender_x64\x64\debug\moc\moc_componentwidget.cpp
f:\summer2021\simplerenderx64\simplerender_x64\simplerender_x64\x64\debug\moc\moc_glwidget.cpp
f:\summer2021\simplerenderx64\simplerender_x64\simplerender_x64\x64\debug\rcc\qrc_style.cpp
f:\summer2021\simplerenderx64\simplerender_x64\simplerender_x64\x64\debug\rcc\qrc_simplerender_x64.cpp
f:\summer2021\simplerenderx64\simplerender_x64\simplerender_x64\x64\debug\uic\ui_simplerender_x64.h
f:\summer2021\simplerenderx64\simplerender_x64\simplerender_x64\x64\debug\uic\ui_glwidget.h
f:\summer2021\simplerenderx64\simplerender_x64\simplerender_x64\x64\debug\uic\ui_componentwidget.h
f:\summer2021\simplerenderx64\simplerender_x64\simplerender_x64\x64\debug\simplerender_x64.tlog\cl.command.1.tlog
f:\summer2021\simplerenderx64\simplerender_x64\simplerender_x64\x64\debug\simplerender_x64.tlog\cl.read.1.tlog
f:\summer2021\simplerenderx64\simplerender_x64\simplerender_x64\x64\debug\simplerender_x64.tlog\cl.write.1.tlog
f:\summer2021\simplerenderx64\simplerender_x64\simplerender_x64\x64\debug\simplerender_x64.tlog\link.command.1.tlog
f:\summer2021\simplerenderx64\simplerender_x64\simplerender_x64\x64\debug\simplerender_x64.tlog\link.read.1.tlog
f:\summer2021\simplerenderx64\simplerender_x64\simplerender_x64\x64\debug\simplerender_x64.tlog\link.write.1.tlog
f:\summer2021\simplerenderx64\simplerender_x64\simplerender_x64\x64\debug\simplerender_x64.tlog\moc.read.1u.tlog
f:\summer2021\simplerenderx64\simplerender_x64\simplerender_x64\x64\debug\simplerender_x64.tlog\moc.write.1u.tlog
f:\summer2021\simplerenderx64\simplerender_x64\simplerender_x64\x64\debug\simplerender_x64.tlog\rcc.read.1u.tlog
f:\summer2021\simplerenderx64\simplerender_x64\simplerender_x64\x64\debug\simplerender_x64.tlog\rcc.write.1u.tlog
f:\summer2021\simplerenderx64\simplerender_x64\simplerender_x64\x64\debug\simplerender_x64.tlog\simplerender_x64.write.1u.tlog
f:\summer2021\simplerenderx64\simplerender_x64\simplerender_x64\x64\debug\simplerender_x64.tlog\uic.read.1u.tlog
f:\summer2021\simplerenderx64\simplerender_x64\simplerender_x64\x64\debug\simplerender_x64.tlog\uic.write.1u.tlog
